<?xml version="1.0" encoding="UTF-8"?>
<!-- Generated by org.testng.reporters.JUnitReportReporter -->
<testsuite skipped="0" hostname="DESKTOP-IDQFV09" name="com.api.pages.employeeDetails" tests="1" failures="0" timestamp="2021-01-14T16:04:56 IST" time="4.584" errors="0">
  <testcase name="employeeDetail" time="4.584" classname="com.api.pages.employeeDetails"/>
</testsuite> <!-- com.api.pages.employeeDetails -->
